<?xml version="1.0" encoding="UTF-8"?>
<!-- Generated by org.testng.reporters.JUnitReportReporter -->
<testsuite hostname="jrebosio-Aspire-A515-54" failures="0" tests="1" name="main.java.BlockudokuTest" time="0.021" errors="0" timestamp="2020-12-23T12:52:00 PET" skipped="0">
  <testcase classname="main.java.BlockudokuTest" name="testCase0" time="0.021"/>
  <system-out/>
</testsuite> <!-- main.java.BlockudokuTest -->
